<?xml version="1.0" encoding="UTF-8"?>
<testsuites name="New Test Suite" time="79.434" tests="1" failures="0" errors="0">
   <testsuite name="New Test Suite" tests="1" failures="0" errors="0" time="79.434" skipped="0" timestamp="2021-08-13 09:31:08" hostname="Trang Nina - DESKTOP-999C2HD" id="Test Suites/New Test Suite">
      <properties>
         <property name="deviceName" value=""/>
         <property name="devicePlatform" value=""/>
         <property name="logFolder" value="C:\\Users\\Trang fuji\\git\\TestWeb\\Reports\\20210813_093103\\New Test Suite\\20210813_093103"/>
         <property name="logFiles" value="C:\\Users\\Trang fuji\\git\\TestWeb\\Reports\\20210813_093103\\New Test Suite\\20210813_093103\\execution0.log"/>
         <property name="attachments" value=""/>
         <property name="hostName" value="Trang Nina - DESKTOP-999C2HD"/>
         <property name="os" value="Windows 10 64bit"/>
         <property name="katalonVersion" value="8.0.5.208"/>
         <property name="browser" value="Chrome 92.0.4515.131"/>
         <property name="hostAddress" value="192.168.1.13"/>
         <property name="sessionId" value="f819cc10de3252cc25b05540f030a657"/>
         <property name="seleniumVersion" value="3.141.59"/>
         <property name="proxyInformation" value="ProxyInformation { proxyOption=NO_PROXY, proxyServerType=HTTP, username=, password=********, proxyServerAddress=, proxyServerPort=0, executionList=&quot;&quot;, isApplyToDesiredCapabilities=true }"/>
         <property name="platform" value="Windows 10"/>
      </properties>
      <testcase name="Test Cases/Test_DangKy/New Test Case (1)" time="66.307" classname="Test Cases/Test_DangKy/New Test Case (1)" status="PASSED">
         <system-out><![CDATA[2021-08-13 09:31:09 - [TEST_CASE][PASSED] - Test Cases/Test_DangKy/New Test Case (1): Test Cases/Test_DangKy/New Test Case (1)

2021-08-13 09:31:11 - [TEST_STEP][PASSED] - openBrowser(""): Browser is opened with url: ''

2021-08-13 09:31:11 - [MESSAGE][INFO] - Starting 'Chrome' driver

2021-08-13 09:31:11 - [MESSAGE][INFO] - Action delay is set to 0 milliseconds

2021-08-13 09:31:47 - [MESSAGE][PASSED] - Browser is opened with url: ''

2021-08-13 09:31:47 - [TEST_STEP][PASSED] - navigateToUrl("http://live.demoguru99.com/index.php/customer/account/create/"): Navigate to 'http://live.demoguru99.com/index.php/customer/account/create/' successfully

2021-08-13 09:32:00 - [MESSAGE][PASSED] - Navigate to 'http://live.demoguru99.com/index.php/customer/account/create/' successfully

2021-08-13 09:32:00 - [TEST_STEP][PASSED] - setText(findTestObject("Object Repository/Page_Create New Customer Account/input__firstname"), FirstName): Text 'Lan' is set on object 'Object Repository/Page_Create New Customer Account/input__firstname'

2021-08-13 09:32:03 - [MESSAGE][PASSED] - Text 'Lan' is set on object 'Object Repository/Page_Create New Customer Account/input__firstname'

2021-08-13 09:32:03 - [TEST_STEP][PASSED] - setText(findTestObject("Object Repository/Page_Create New Customer Account/input_Middle NameInitial_middlename"), Mid): Text 'Thị' is set on object 'Object Repository/Page_Create New Customer Account/input_Middle NameInitial_middlename'

2021-08-13 09:32:04 - [MESSAGE][PASSED] - Text 'Thị' is set on object 'Object Repository/Page_Create New Customer Account/input_Middle NameInitial_middlename'

2021-08-13 09:32:04 - [TEST_STEP][PASSED] - setText(findTestObject("Object Repository/Page_Create New Customer Account/input__lastname"), LastName): Text 'Trần' is set on object 'Object Repository/Page_Create New Customer Account/input__lastname'

2021-08-13 09:32:05 - [MESSAGE][PASSED] - Text 'Trần' is set on object 'Object Repository/Page_Create New Customer Account/input__lastname'

2021-08-13 09:32:05 - [TEST_STEP][PASSED] - setText(findTestObject("Object Repository/Page_Create New Customer Account/input__email"), EmailAddress): Text 'hanhhongtruong2808@gmail.com' is set on object 'Object Repository/Page_Create New Customer Account/input__email'

2021-08-13 09:32:06 - [MESSAGE][PASSED] - Text 'hanhhongtruong2808@gmail.com' is set on object 'Object Repository/Page_Create New Customer Account/input__email'

2021-08-13 09:32:06 - [TEST_STEP][PASSED] - setText(findTestObject("Object Repository/Page_Create New Customer Account/input__password"), Pass): Text 'honghanh123' is set on object 'Object Repository/Page_Create New Customer Account/input__password'

2021-08-13 09:32:07 - [MESSAGE][PASSED] - Text 'honghanh123' is set on object 'Object Repository/Page_Create New Customer Account/input__password'

2021-08-13 09:32:07 - [TEST_STEP][PASSED] - setText(findTestObject("Object Repository/Page_Create New Customer Account/input__confirmation"), Confirmpass): Text 'honghanh123' is set on object 'Object Repository/Page_Create New Customer Account/input__confirmation'

2021-08-13 09:32:08 - [MESSAGE][PASSED] - Text 'honghanh123' is set on object 'Object Repository/Page_Create New Customer Account/input__confirmation'

2021-08-13 09:32:08 - [TEST_STEP][PASSED] - click(findTestObject("Object Repository/Page_Create New Customer Account/button_Register")): Object: 'Object Repository/Page_Create New Customer Account/button_Register' is clicked on

2021-08-13 09:32:13 - [MESSAGE][PASSED] - Object: 'Object Repository/Page_Create New Customer Account/button_Register' is clicked on

2021-08-13 09:32:13 - [TEST_STEP][PASSED] - verifyElementText(findTestObject("Object Repository/Page_My Account/span_Thank you for registering with Main We_9337a1"), "Thank you for registering with Main Website Store."): Actual text and expected text of test object 'Object Repository/Page_My Account/span_Thank you for registering with Main We_9337a1' are matched.

2021-08-13 09:32:16 - [MESSAGE][PASSED] - Actual text and expected text of test object 'Object Repository/Page_My Account/span_Thank you for registering with Main We_9337a1' are matched.]]></system-out>
         <system-err><![CDATA[]]></system-err>
      </testcase>
      <system-out><![CDATA[2021-08-13 09:31:08 - [TEST_SUITE][PASSED] - New Test Suite: Test Cases/Test_DangKy/New Test Case (1)]]></system-out>
      <system-err><![CDATA[]]></system-err>
   </testsuite>
</testsuites>
